<?xml version="1.0" encoding="UTF-8"?>
<testsuite name="com.example.gateway.DemoApplicationTests" tests="1" skipped="0" failures="0" errors="0" timestamp="2019-10-19T13:29:23" hostname="nitish-HP-15-Notebook-PC" time="0.003">
  <properties/>
  <testcase name="contextLoads" classname="com.example.gateway.DemoApplicationTests" time="0.003"/>
  <system-out><![CDATA[]]></system-out>
  <system-err><![CDATA[]]></system-err>
</testsuite>
